<?xml version="1.0" encoding="UTF-8"?>
<!-- Generated by org.testng.reporters.JUnitReportReporter -->
<testsuite skipped="0" hostname="sakhashaik-ThinkPad-T450" name="com.Tests.Testmobile2" tests="1" failures="0" timestamp="08 Nov 2019 12:21:58 GMT" time="5.744" errors="0">
  <testcase name="test" time="5.744" classname="com.Tests.Testmobile2"/>
</testsuite> <!-- com.Tests.Testmobile2 -->
