<?xml version="1.0" encoding="UTF-8"?>
<!-- Generated by org.testng.reporters.JUnitReportReporter -->
<testsuite skipped="0" hostname="sakhashaik-ThinkPad-T450" name="com.Tests.Testmobile" tests="1" failures="0" timestamp="12 Nov 2019 10:23:05 GMT" time="4.150" errors="0">
  <testcase name="test" time="4.150" classname="com.Tests.Testmobile"/>
</testsuite> <!-- com.Tests.Testmobile -->
