<?xml version="1.0" encoding="UTF-8"?>
<!-- Generated by org.testng.reporters.JUnitReportReporter -->
<testsuite skipped="0" hostname="sakhashaik-ThinkPad-T450" name="Test.FrameWork.Test2" tests="1" failures="0" timestamp="05 Nov 2019 06:58:29 GMT" time="2.175" errors="0">
  <testcase name="extentReportsDemo" time="2.175" classname="Test.FrameWork.Test2"/>
</testsuite> <!-- Test.FrameWork.Test2 -->
