<?xml version="1.0" encoding="UTF-8"?>
<!-- Generated by org.testng.reporters.JUnitReportReporter -->
<testsuite skipped="0" hostname="sakhashaik-ThinkPad-T450" name="Listeners.List2" tests="1" failures="0" timestamp="06 Nov 2019 04:51:43 GMT" time="5.345" errors="0">
  <testcase name="extentReportsDemo" time="5.345" classname="Listeners.List2"/>
</testsuite> <!-- Listeners.List2 -->
