<?xml version="1.0" encoding="UTF-8"?>
<!-- Generated by org.testng.reporters.JUnitReportReporter -->
<testsuite skipped="0" hostname="sakhashaik-ThinkPad-T450" name="com.Resources.Testng" tests="1" failures="0" timestamp="2019-11-28T16:12:37 IST" time="14.602" errors="0">
  <testcase name="getInputData" time="14.602" classname="com.Resources.Testng"/>
</testsuite> <!-- com.Resources.Testng -->
