<?xml version="1.0" encoding="UTF-8"?>
<!-- Generated by org.testng.reporters.JUnitReportReporter -->
<testsuite skipped="0" hostname="sakhashaik-ThinkPad-T450" name="com.Tests.HomePage" tests="1" failures="0" timestamp="2019-11-28T11:49:54 IST" time="27.548" errors="0">
  <testcase name="malik" time="27.548" classname="com.Tests.HomePage"/>
</testsuite> <!-- com.Tests.HomePage -->
