<?xml version="1.0" encoding="UTF-8"?>
<!-- Generated by org.testng.reporters.JUnitReportReporter -->
<testsuite skipped="0" hostname="sakhashaik-ThinkPad-T450" name="Listeners.List1" tests="1" failures="0" timestamp="06 Nov 2019 04:51:43 GMT" time="6.606" errors="0">
  <testcase name="extentReportsDemo" time="6.606" classname="Listeners.List1"/>
</testsuite> <!-- Listeners.List1 -->
