<?xml version="1.0" encoding="UTF-8"?>
<!-- Generated by org.testng.reporters.JUnitReportReporter -->
<testsuite skipped="0" hostname="sakhashaik-ThinkPad-T450" name="Test.FrameWork.ExtentReporting" tests="1" failures="0" timestamp="05 Nov 2019 05:42:02 GMT" time="2.180" errors="0">
  <testcase name="extentReportsDemo" time="2.180" classname="Test.FrameWork.ExtentReporting"/>
</testsuite> <!-- Test.FrameWork.ExtentReporting -->
