<?xml version="1.0" encoding="UTF-8"?>
<!-- Generated by org.testng.reporters.JUnitReportReporter -->
<testsuite skipped="0" hostname="sakhashaik-ThinkPad-T450" name="com.Tests.Exam" tests="1" failures="0" timestamp="2020-01-03T20:43:12 IST" time="8.507" errors="0">
  <testcase name="test" time="8.507" classname="com.Tests.Exam"/>
</testsuite> <!-- com.Tests.Exam -->
