<?xml version="1.0" encoding="UTF-8"?>
<!-- Generated by org.testng.reporters.JUnitReportReporter -->
<testsuite skipped="0" hostname="sakhashaik-ThinkPad-T450" name="com.Tests.Test1" tests="1" failures="0" timestamp="2019-11-28T16:12:37 IST" time="10.072" errors="0">
  <testcase name="malik" time="10.072" classname="com.Tests.Test1"/>
</testsuite> <!-- com.Tests.Test1 -->
