<?xml version="1.0" encoding="UTF-8"?>
<!-- Generated by org.testng.reporters.JUnitReportReporter -->
<testsuite skipped="0" hostname="sakhashaik-ThinkPad-T450" name="Test.FrameWork.BasicExtentReport" tests="1" failures="0" timestamp="05 Nov 2019 09:14:12 GMT" time="2.817" errors="0">
  <testcase name="testCase1" time="2.817" classname="Test.FrameWork.BasicExtentReport"/>
</testsuite> <!-- Test.FrameWork.BasicExtentReport -->
