<?xml version="1.0" encoding="UTF-8"?>
<!-- Generated by org.testng.reporters.JUnitReportReporter -->
<testsuite skipped="0" hostname="sakhashaik-ThinkPad-T450" name="com.Tests.Test2" tests="1" failures="0" timestamp="2019-11-28T15:24:43 IST" time="0.403" errors="0">
  <testcase name="malik" time="0.403" classname="com.Tests.Test2"/>
</testsuite> <!-- com.Tests.Test2 -->
