<?xml version="1.0" encoding="UTF-8"?>
<!-- Generated by org.testng.reporters.JUnitReportReporter -->
<testsuite skipped="0" hostname="sakhashaik-ThinkPad-T450" name="com.Tests.Annotations" tests="1" failures="0" timestamp="2019-12-16T12:18:18 IST" time="0.025" errors="0">
  <testcase name="method_1" time="0.025" classname="com.Tests.Annotations"/>
</testsuite> <!-- com.Tests.Annotations -->
