<?xml version="1.0" encoding="UTF-8"?>
<!-- Generated by org.testng.reporters.JUnitReportReporter -->
<testsuite skipped="0" hostname="sakhashaik-ThinkPad-T450" name="Test.FrameWork.ExtentDemo" tests="1" failures="0" timestamp="07 Oct 2019 07:37:44 GMT" time="2.554" errors="0">
  <testcase name="extentReportsDemo" time="2.554" classname="Test.FrameWork.ExtentDemo"/>
</testsuite> <!-- Test.FrameWork.ExtentDemo -->
