<?xml version="1.0" encoding="UTF-8"?>
<!-- Generated by org.testng.reporters.JUnitReportReporter -->
<testsuite skipped="0" hostname="sakhashaik-ThinkPad-T450" name="com.Tests.test" tests="1" failures="0" timestamp="2019-12-06T11:51:25 IST" time="0.850" errors="0">
  <testcase name="test1" time="0.850" classname="com.Tests.test"/>
</testsuite> <!-- com.Tests.test -->
