<?xml version="1.0" encoding="UTF-8"?>
<!-- Generated by org.testng.reporters.JUnitReportReporter -->
<testsuite skipped="0" hostname="sakhashaik-ThinkPad-T450" name="BusinessLogic.Testng" tests="1" failures="0" timestamp="06 Nov 2019 09:17:26 GMT" time="1.260" errors="0">
  <testcase name="getInputData" time="1.260" classname="BusinessLogic.Testng"/>
</testsuite> <!-- BusinessLogic.Testng -->
