<?xml version="1.0" encoding="UTF-8"?>
<!-- Generated by org.testng.reporters.JUnitXMLReporter -->
<testsuite hostname="sakhashaik-ThinkPad-T450" ignored="0" name="Test-class test" tests="0" failures="0" timestamp="2019-11-28T12:54:35 IST" time="4.298" errors="0">
</testsuite> <!-- Test-class test -->
